....F........E
======================================================================
ERROR: testSerialisation (segmentation_tests.Segmentation.SegmentationTestCase)
----------------------------------------------------------------------
Traceback (most recent call last):
  File "/home/hsorby/work/musculoskeletalatlas/mapclient/workspace/tests/segmentation_tests/Segmentation.py", line 42, in testSerialisation
    writeDataStream = myStep.serialize(writeDataStream)
  File "/home/hsorby/work/musculoskeletalatlas/mapclient/workspace/plugins/segmentation/Step.py", line 42, in serialize
    description = bytearray(self.description, sys.stdout.encoding)
AttributeError: 'ConsumeOutput' object has no attribute 'encoding'

======================================================================
FAIL: testLoadPlugins (core_tests.PluginFramework.PluginFrameworkTestCase)
----------------------------------------------------------------------
Traceback (most recent call last):
  File "/home/hsorby/work/musculoskeletalatlas/mapclient/workspace/tests/core_tests/PluginFramework.py", line 35, in testLoadPlugins
    assert("Plugin 'Workspace2' version 0.1.0 by Hugh Sorby loaded" in redirectstdout.messages)
AssertionError

----------------------------------------------------------------------
Ran 14 tests in 0.270s

FAILED (failures=1, errors=1)
